GitHub integration not configured. Set GITHUB_TOKEN, GITHUB_OWNER, and GITHUB_REPO environment variables.
Server running at http://localhost:3000
Automatic link checking enabled (every 24 hours)
GitHub integration not configured, skipping scheduled uploads
GitHub integration disabled - set GITHUB_TOKEN, GITHUB_OWNER, GITHUB_REPO to enable
Puppeteer failed, saving as HTML instead: Failed to launch the browser process!
/home/godly/.cache/puppeteer/chrome/linux-138.0.7204.157/chrome-linux64/chrome: error while loading shared libraries: libasound.so.2: cannot open shared object file: No such file or directory


TROUBLESHOOTING: https://pptr.dev/troubleshooting

Checking: https://www.openflightmaps.org/2021/06/17/the-rise-of-online-casinos-how-virtual-gambling-is-transforming-the-gaming-experience/ for https://menaceking.com/ with anchor "Menace King sports betting"
Link found: true, Context: Regulatory changes also play a role in the rise of virtual betting. Many jurisdictions have begun to...
Checking: https://dropsmobile.com/finest-casino-online-best-payment-methods-real-time-agent-online-casinos-to-experience-for-real-cash-in-2025/ for https://menaceking.com/ with anchor "MenaceKing.com casino and betting site"
Updated backlink 53: status = live, link_found = 1
Link found: true, Context: Real-time casinos are completely legal, but only if you play live online casino games on legitimate ...
Checking: https://create.twu.ca/deep2502/2020/06/17/discover-the-top-10-online-casinos-of-2025-your-guide-to-winning-big/ for https://menaceking.com/ with anchor "Menace King casino and sportbook"
Updated backlink 54: status = live, link_found = 1
Link found: true, Context: Regulatory compliance remains essential, with many jurisdictions enforcing strict guidelines to prot...
Checking: http://tardis.nmmu.ac.za/ironman2013/?p=2518 for https://menaceking.com/ with anchor "menace king casino"
Updated backlink 55: status = live, link_found = 1
Link found: true, Context: Several types of incentives exist in the online gaming landscape. Welcome bonuses, typically given t...
Checking: http://insna.info/experience-real-casino-excitement-with-live-dealer-casinos-play-anytime-anywhere/ for https://menaceking.com/ with anchor "menace king betting"
Updated backlink 56: status = live, link_found = 1
Link found: true, Context: Live dealer casinos offer an intriguing blend of traditional gaming and modern technology. These pla...
Checking: https://djakuaa.com/2025/04/30/discover-the-most-effective-online-casinos-that-accept-bitcoin-for-online-gaming/ for https://menaceking.com/ with anchor "menace king"
Updated backlink 57: status = live, link_found = 1
Link found: true, Context: 1. Casino site A: With its user-friendly interface and excellent video game selection, Gambling ente...
Checking: https://biennialdigitalreport.cdri.world/2020/06/17/explore-the-top-casino-games-online-from-slots-to-blackjack-and-beyond/ for https://menaceking.com/ with anchor "Menace King"
Updated backlink 59: status = live, link_found = 1
Link found: true, Context: Table games, including classic offerings, provide a different gaming experience. Blackjack offers st...
Checking: http://la-dory.com/best-commission-casinos-2025-the-fastest-profits/ for https://menaceking.com/ with anchor "Menace King"
Updated backlink 60: status = live, link_found = 1
Link found: true, Context: All of the most recent development for the courtroom gaming from the managed United States states co...
Checking: https://nj.zoa.org/2025/06/17/spin-to-win-your-ultimate-guide-to-mastering-online-casino-gaming/ for https://menaceking.com/ with anchor "MenaceKing"
Updated backlink 61: status = live, link_found = 1
Link found: true, Context: Home...
Checking: https://vipper.com/aviatorplay-online-legit-way-to-grow-your-bankroll/ for https://menaceking.com/ with anchor "MenaceKing"
Updated backlink 62: status = live, link_found = 1
Link found: true, Context: Basic...
Checking: http://shwptraining43.registeredsite.com/online-casino-bonuses-explained-welcome-offers-free-spins-and-essential-tips for https://menaceking.com/ with anchor "menace king"
Updated backlink 63: status = live, link_found = 1
Error checking http://shwptraining43.registeredsite.com/online-casino-bonuses-explained-welcome-offers-free-spins-and-essential-tips: socket hang up
Checking: https://tracyhayman.solutionsgram.com/the-evolution-of-online-casinos-from-flash-games-to-live-dealers-unveiled/ for https://menaceking.com/ with anchor "Menace King"
Updated backlink 25: status = unreachable, link_found = 0
Link found: true, Context: In the mid-1990s, Flash technology revolutionized the gaming industry. Developers embraced this inno...
Checking: https://www.leerebelwriters.com/is-online-gambling-safe-essential-tips-to-know-before-you-play/ for https://menaceking.com/ with anchor "Menace King"
Updated backlink 26: status = live, link_found = 1
Link found: true, Context: Licensing is crucial. Reputable sites often hold licenses from regulatory authorities such as the UK...
Checking: https://vpmovers.bcz.com/2020/06/16/discover-mobile-casinos-gaming-on-the-go-has-never-been-easier/ for https://menaceking.com/ with anchor "MenaceKing"
Updated backlink 27: status = live, link_found = 1
Link found: true, Context: Link found: "" -> /...
Checking: https://climateaistage.wpenginepowered.com/blog/discover-the-top-casino-games-you-can-play-online-today-for-ultimate-excitement/ for https://menaceking.com/ with anchor "Menace King casino"
Updated backlink 28: status = live, link_found = 1
Checking: https://hoteljules.com/top-betting-sites-your-ultimate-guide-to-the-best-online-gambling-establishments/ for https://menaceking.com/ with anchor "Menace King online casino"
Updated backlink 30: status = error, link_found = 0
Link found: false, Context: ...
Checking: https://www.openflightmaps.org/2021/06/17/the-rise-of-online-casinos-how-virtual-gambling-is-transforming-the-gaming-experience/ for https://menaceking.com/ with anchor "Menace King sports betting"
Updated backlink 31: status = live, link_found = 0
Link found: true, Context: Regulatory changes also play a role in the rise of virtual betting. Many jurisdictions have begun to...
Checking: https://dropsmobile.com/finest-casino-online-best-payment-methods-real-time-agent-online-casinos-to-experience-for-real-cash-in-2025/ for https://menaceking.com/ with anchor "MenaceKing.com casino and betting site"
Updated backlink 32: status = live, link_found = 1
Link found: true, Context: Real-time casinos are completely legal, but only if you play live online casino games on legitimate ...
Checking: https://create.twu.ca/deep2502/2020/06/17/discover-the-top-10-online-casinos-of-2025-your-guide-to-winning-big/ for https://menaceking.com/ with anchor "Menace King casino and sportbook"
Updated backlink 33: status = live, link_found = 1
Link found: true, Context: Regulatory compliance remains essential, with many jurisdictions enforcing strict guidelines to prot...
Checking: http://tardis.nmmu.ac.za/ironman2013/?p=2518 for https://menaceking.com/ with anchor "menace king casino"
Updated backlink 34: status = live, link_found = 1
Link found: true, Context: Several types of incentives exist in the online gaming landscape. Welcome bonuses, typically given t...
Checking: http://insna.info/experience-real-casino-excitement-with-live-dealer-casinos-play-anytime-anywhere/ for https://menaceking.com/ with anchor "menace king betting"
Updated backlink 35: status = live, link_found = 1
Link found: true, Context: Live dealer casinos offer an intriguing blend of traditional gaming and modern technology. These pla...
Checking: https://djakuaa.com/2025/04/30/discover-the-most-effective-online-casinos-that-accept-bitcoin-for-online-gaming/ for https://menaceking.com/ with anchor "menace king"
Updated backlink 36: status = live, link_found = 1
Link found: true, Context: 1. Casino site A: With its user-friendly interface and excellent video game selection, Gambling ente...
Checking: https://biennialdigitalreport.cdri.world/2020/06/17/explore-the-top-casino-games-online-from-slots-to-blackjack-and-beyond/ for https://menaceking.com/ with anchor "Menace King"
Updated backlink 38: status = live, link_found = 1
Link found: true, Context: Table games, including classic offerings, provide a different gaming experience. Blackjack offers st...
Checking: http://la-dory.com/best-commission-casinos-2025-the-fastest-profits/ for https://menaceking.com/ with anchor "Menace King"
Updated backlink 39: status = live, link_found = 1
Link found: true, Context: All of the most recent development for the courtroom gaming from the managed United States states co...
Checking: https://nj.zoa.org/2025/06/17/spin-to-win-your-ultimate-guide-to-mastering-online-casino-gaming/ for https://menaceking.com/ with anchor "MenaceKing"
Updated backlink 40: status = live, link_found = 1
Link found: true, Context: Home...
Checking: https://buying.com/buyingtoken/2020/06/16/the-ultimate-beginners-guide-to-online-casinos-tips-for-success-and-fun/ for https://menaceking.com/ with anchor "menace king betting"
Updated backlink 41: status = live, link_found = 1
Link found: true, Context: Online casinos provide a virtual platform where players can engage in various gambling activities fr...
Checking: http://ixd.uqcloud.net/essential-tips-on-how-to-choose-the-best-online-casino-what-every-player-should-know/ for https://menaceking.com/ with anchor "menace king"
Updated backlink 2: status = live, link_found = 1
Link found: true, Context: Online casinos function as virtual extensions of traditional gaming houses, enabling individuals to ...
Checking: http://shwptraining43.registeredsite.com/online-casino-bonuses-explained-welcome-offers-free-spins-and-essential-tips for https://menaceking.com/ with anchor "menace king"
Updated backlink 3: status = live, link_found = 1
Checking: https://tracyhayman.solutionsgram.com/the-evolution-of-online-casinos-from-flash-games-to-live-dealers-unveiled/ for https://menaceking.com/ with anchor "Menace King"
Updated backlink 4: status = error, link_found = 0
Link found: true, Context: In the mid-1990s, Flash technology revolutionized the gaming industry. Developers embraced this inno...
Checking: https://www.leerebelwriters.com/is-online-gambling-safe-essential-tips-to-know-before-you-play/ for https://menaceking.com/ with anchor "Menace King"
Updated backlink 5: status = live, link_found = 1
Link found: true, Context: Licensing is crucial. Reputable sites often hold licenses from regulatory authorities such as the UK...
Checking: https://vpmovers.bcz.com/2020/06/16/discover-mobile-casinos-gaming-on-the-go-has-never-been-easier/ for https://menaceking.com/ with anchor "MenaceKing"
Updated backlink 6: status = live, link_found = 1
Link found: true, Context: Link found: "" -> /...
Checking: https://climateaistage.wpenginepowered.com/blog/discover-the-top-casino-games-you-can-play-online-today-for-ultimate-excitement/ for https://menaceking.com/ with anchor "Menace King casino"
Updated backlink 7: status = live, link_found = 1
Checking: https://hoteljules.com/top-betting-sites-your-ultimate-guide-to-the-best-online-gambling-establishments/ for https://menaceking.com/ with anchor "Menace King online casino"
Updated backlink 9: status = error, link_found = 0
Link found: false, Context: ...
Checking: https://www.openflightmaps.org/2021/06/17/the-rise-of-online-casinos-how-virtual-gambling-is-transforming-the-gaming-experience/ for https://menaceking.com/ with anchor "Menace King sports betting"
Updated backlink 10: status = live, link_found = 0
Link found: true, Context: Regulatory changes also play a role in the rise of virtual betting. Many jurisdictions have begun to...
Checking: https://dropsmobile.com/finest-casino-online-best-payment-methods-real-time-agent-online-casinos-to-experience-for-real-cash-in-2025/ for https://menaceking.com/ with anchor "MenaceKing.com casino and betting site"
Updated backlink 11: status = live, link_found = 1
Link found: true, Context: Real-time casinos are completely legal, but only if you play live online casino games on legitimate ...
Checking: https://create.twu.ca/deep2502/2020/06/17/discover-the-top-10-online-casinos-of-2025-your-guide-to-winning-big/ for https://menaceking.com/ with anchor "Menace King casino and sportbook"
Updated backlink 12: status = live, link_found = 1
Link found: true, Context: Regulatory compliance remains essential, with many jurisdictions enforcing strict guidelines to prot...
Checking: http://tardis.nmmu.ac.za/ironman2013/?p=2518 for https://menaceking.com/ with anchor "menace king casino"
Updated backlink 13: status = live, link_found = 1
Link found: true, Context: Several types of incentives exist in the online gaming landscape. Welcome bonuses, typically given t...
Checking: http://insna.info/experience-real-casino-excitement-with-live-dealer-casinos-play-anytime-anywhere/ for https://menaceking.com/ with anchor "menace king betting"
Updated backlink 14: status = live, link_found = 1
Link found: true, Context: Live dealer casinos offer an intriguing blend of traditional gaming and modern technology. These pla...
Checking: https://djakuaa.com/2025/04/30/discover-the-most-effective-online-casinos-that-accept-bitcoin-for-online-gaming/ for https://menaceking.com/ with anchor "menace king"
Updated backlink 15: status = live, link_found = 1
Link found: true, Context: 1. Casino site A: With its user-friendly interface and excellent video game selection, Gambling ente...
Checking: https://biennialdigitalreport.cdri.world/2020/06/17/explore-the-top-casino-games-online-from-slots-to-blackjack-and-beyond/ for https://menaceking.com/ with anchor "Menace King"
Updated backlink 17: status = live, link_found = 1
Link found: true, Context: Table games, including classic offerings, provide a different gaming experience. Blackjack offers st...
Checking: http://la-dory.com/best-commission-casinos-2025-the-fastest-profits/ for https://menaceking.com/ with anchor "Menace King"
Updated backlink 18: status = live, link_found = 1
Link found: true, Context: All of the most recent development for the courtroom gaming from the managed United States states co...
Checking: https://nj.zoa.org/2025/06/17/spin-to-win-your-ultimate-guide-to-mastering-online-casino-gaming/ for https://menaceking.com/ with anchor "MenaceKing"
Updated backlink 19: status = live, link_found = 1
Link found: true, Context: Home...
Checking: https://vipper.com/aviatorplay-online-legit-way-to-grow-your-bankroll/ for https://menaceking.com/ with anchor "MenaceKing"
Updated backlink 20: status = live, link_found = 1
Link found: true, Context: Basic...
Updated backlink 21: status = live, link_found = 1
Uploaded 2 of 2 backlinks
Starting automatic link check...
Found 2 links to check
Checking: https://example.com/test1 for https://testsite.com with anchor "Test Site 1"
Checking: https://example.com/test2 for https://testsite.com with anchor "Test Site 2"
Automatic link check completed
